2 a
1 after
1 ain't
1 all
16 and
12 are
1 bad
1 bed
1 been
1 before
1 bows
1 brought
3 but
1 calls
1 challenge
9 champions
3 champions,
1 come
1 committed
1 consider
1 crime
1 cruise
1 curtain
1 done
1 dues
3 end
1 everything
1 face
1 fame
1 few
3 fighting
3 for
1 fortune
3 friends
2 go
1 goes
1 gonna
1 had
1 human
3 i
6 i've
1 in
2 it
1 it's
3 keep
1 kicked
1 lose
3 losers
1 made
1 me
2 mean
1 mistakes
9 my
6 no
5 of
11 on
1 paid
1 pleasure
1 race
1 roses
1 sand
1 sentence
1 share
1 taken
1 thank
1 that
19 the
1 through
3 till
5 time
2 to
14 we
3 we'll
1 with
3 world
2 you
