1 aglow
1 all
1 alone
1 always
2 and
5 baby
1 baby's
11 bah
16 bomp
1 bomp"
6 boogity
12 bop
10 da
1 dance
4 ding
18 dip
3 dong
1 dong"
1 each
2 every
4 fall
1 guy
3 hand
1 have
3 he
2 heard
2 heart
1 her
3 his
4 i'd
16 in
1 into
5 lama
1 lama,
4 like
4 love
1 loves
4 made
3 man
5 me
6 my
1 never
1 part
12 put
3 ram
4 rama
1 right
1 said
1 says
1 sets
3 shake
4 she
7 shoo
1 singin'
3 so
1 song
1 thank
5 that
26 the
1 them
2 time
6 to
3 was
1 we
1 we'd
1 we're
1 went
2 when
16 who
4 with
1 word
1 wrote
